Watching for file changes with StatReloader
Processing request for courses: [{'course_type': 'ENGG', 'course_code': '2400'}]
Found 36 sections for ENGG2400 in 0.018s
Generated 36 combinations in 0.000s
Found 36 conflict-free schedules in 0.103s
Processing request for courses: [{'course_type': 'ENGG', 'course_code': '2400'}, {'course_type': 'ENGG', 'course_code': '1410'}]
Found 36 sections for ENGG2400 in 0.018s
Found 70 sections for ENGG1410 in 0.006s
Generated 2520 combinations in 0.001s
Checked 1000/2520 combinations...
Checked 2000/2520 combinations...
Found 1690 conflict-free schedules in 0.474s
Processing request for courses: [{'course_type': 'ENGG', 'course_code': '2400'}, {'course_type': 'ENGG', 'course_code': '1410'}, {'course_type': 'CIS', 'course_code': '2750'}]
Found 36 sections for ENGG2400 in 0.008s
Found 70 sections for ENGG1410 in 0.005s
Found 17 sections for CIS2750 in 0.004s
Generated 42840 combinations in 0.014s
Checked 1000/42840 combinations...
Checked 2000/42840 combinations...
Checked 3000/42840 combinations...
Checked 4000/42840 combinations...
Checked 5000/42840 combinations...
Checked 6000/42840 combinations...
Checked 7000/42840 combinations...
Checked 8000/42840 combinations...
Checked 9000/42840 combinations...
Checked 10000/42840 combinations...
Checked 11000/42840 combinations...
Checked 12000/42840 combinations...
Checked 13000/42840 combinations...
Checked 14000/42840 combinations...
Checked 15000/42840 combinations...
Checked 16000/42840 combinations...
Checked 17000/42840 combinations...
Checked 18000/42840 combinations...
Checked 19000/42840 combinations...
Checked 20000/42840 combinations...
Checked 21000/42840 combinations...
Checked 22000/42840 combinations...
Checked 23000/42840 combinations...
Checked 24000/42840 combinations...
Checked 25000/42840 combinations...
Checked 26000/42840 combinations...
Checked 27000/42840 combinations...
Checked 28000/42840 combinations...
Checked 29000/42840 combinations...
Checked 30000/42840 combinations...
Checked 31000/42840 combinations...
Checked 32000/42840 combinations...
Checked 33000/42840 combinations...
Checked 34000/42840 combinations...
Checked 35000/42840 combinations...
Checked 36000/42840 combinations...
Checked 37000/42840 combinations...
Checked 38000/42840 combinations...
Checked 39000/42840 combinations...
Checked 40000/42840 combinations...
Checked 41000/42840 combinations...
Checked 42000/42840 combinations...
Found 1170 conflict-free schedules in 11.743s
C:\Users\brijesh.thakrar\Downloads\coursescheduler\backend\scheduler\views.py changed, reloading.
Watching for file changes with StatReloader
C:\Users\brijesh.thakrar\Downloads\coursescheduler\backend\scheduler\views.py changed, reloading.
Watching for file changes with StatReloader
C:\Users\brijesh.thakrar\Downloads\coursescheduler\backend\scheduler\views.py changed, reloading.
Watching for file changes with StatReloader
Processing request for courses: [{'course_type': 'CIS', 'course_code': '2750'}]
Course CIS2750: 17 sections with events
Found 17 conflict-free schedules in 0.065s
C:\Users\brijesh.thakrar\Downloads\coursescheduler\backend\scheduler\views.py changed, reloading.
Watching for file changes with StatReloader
C:\Users\brijesh.thakrar\Downloads\coursescheduler\backend\scheduler\views.py changed, reloading.
Watching for file changes with StatReloader
C:\Users\brijesh.thakrar\Downloads\coursescheduler\backend\scheduler\views.py changed, reloading.
Watching for file changes with StatReloader
C:\Users\brijesh.thakrar\Downloads\coursescheduler\backend\scheduler\views.py changed, reloading.
Watching for file changes with StatReloader
C:\Users\brijesh.thakrar\Downloads\coursescheduler\backend\scheduler\views.py changed, reloading.
Watching for file changes with StatReloader
Processing request for courses: [{'course_type': 'CIS', 'course_code': '2750'}]
Course CIS2750: 17 sections with events
Found 17 conflict-free schedules in 0.068s
Processing request for courses: [{'course_type': 'CIS', 'course_code': '2750'}, {'course_type': 'ENGG', 'course_code': '2400'}]
Course CIS2750: 17 sections with events
Course ENGG2400: 36 sections with events
Found 457 conflict-free schedules in 0.140s
Processing request for courses: [{'course_type': 'CIS', 'course_code': '2750'}, {'course_type': 'ENGG', 'course_code': '2400'}, {'course_type': 'ENGG', 'course_code': '1410'}]
Course CIS2750: 17 sections with events
Course ENGG2400: 36 sections with events
Course ENGG1410: 70 sections with events
Found 11151 conflict-free schedules in 0.473s
Processing request for courses: [{'course_type': 'CIS', 'course_code': '2750'}, {'course_type': 'ENGG', 'course_code': '2400'}, {'course_type': 'ENGG', 'course_code': '1410'}]
Course CIS2750: 17 sections with events
Course ENGG2400: 36 sections with events
Course ENGG1410: 70 sections with events
Found 11151 conflict-free schedules in 0.372s
C:\Users\brijesh.thakrar\Downloads\coursescheduler\backend\scheduler\views.py changed, reloading.
Watching for file changes with StatReloader
C:\Users\brijesh.thakrar\Downloads\coursescheduler\backend\scheduler\views.py changed, reloading.
Watching for file changes with StatReloader
Course CIS2750: 17 sections with events
Course ENGG1410: 70 sections with events
Course ENGG2400: 36 sections with events
Returned 100 schedules out of 100 found in 0.31s
Course CIS2750: 17 sections with events
Course ENGG1410: 70 sections with events
Course ENGG2400: 36 sections with events
Returned 100 schedules out of 100 found in 0.26s
C:\Users\brijesh.thakrar\Downloads\coursescheduler\backend\scheduler\views.py changed, reloading.
Watching for file changes with StatReloader
Course CIS2750: 17 sections with events
Course ENGG1410: 70 sections with events
Course ENGG2400: 36 sections with events
Found 100 conflict-free schedules in 0.27s
Returned 100 schedules out of 100 found in 0.28s
Watching for file changes with StatReloader
Watching for file changes with StatReloader
C:\Users\brijesh.thakrar\Downloads\coursescheduler\backend\coursescheduler\settings.py changed, reloading.
Watching for file changes with StatReloader
C:\Users\brijesh.thakrar\Downloads\coursescheduler\backend\coursescheduler\settings.py changed, reloading.
Watching for file changes with StatReloader
C:\Users\brijesh.thakrar\Downloads\coursescheduler\backend\scheduler\apps.py changed, reloading.
Watching for file changes with StatReloader
Watching for file changes with StatReloader
Watching for file changes with StatReloader
Watching for file changes with StatReloader
Not Found: /
C:\Users\brijesh.thakrar\Downloads\coursescheduler\backend\scheduler\urls.py changed, reloading.
Watching for file changes with StatReloader
C:\Users\brijesh.thakrar\Downloads\coursescheduler\backend\scheduler\urls.py changed, reloading.
Watching for file changes with StatReloader
Not Found: /gpacalc
Not Found: /gpacalc/
Not Found: /gpacalc/
C:\Users\brijesh.thakrar\Downloads\coursescheduler\backend\coursescheduler\urls.py changed, reloading.
Watching for file changes with StatReloader
Not Found: /gpacalc/
C:\Users\brijesh.thakrar\Downloads\coursescheduler\backend\gpacalc\urls.py changed, reloading.
Watching for file changes with StatReloader
Internal Server Error: /gpacalc/
Traceback (most recent call last):
  File "C:\prg\miniconda\envs\coursescheduler\Lib\site-packages\django\core\handlers\exception.py", line 55, in inner
    response = get_response(request)
               ^^^^^^^^^^^^^^^^^^^^^
  File "C:\prg\miniconda\envs\coursescheduler\Lib\site-packages\django\core\handlers\base.py", line 197, in _get_response
    response = wrapped_callback(request, *callback_args, **callback_kwargs)
               ^^^^^^^^^^^^^^^^^^^^^^^^^^^^^^^^^^^^^^^^^^^^^^^^^^^^^^^^^^^^
  File "C:\prg\miniconda\envs\coursescheduler\Lib\site-packages\django\views\decorators\http.py", line 64, in inner
    return func(request, *args, **kwargs)
           ^^^^^^^^^^^^^^^^^^^^^^^^^^^^^^
  File "C:\Users\brijesh.thakrar\Downloads\coursescheduler\backend\gpacalc\views.py", line 26, in index
    return render(request, "gpacalc/index.html", {
           ^^^^^^^^^^^^^^^^^^^^^^^^^^^^^^^^^^^^^^^
  File "C:\prg\miniconda\envs\coursescheduler\Lib\site-packages\django\shortcuts.py", line 25, in render
    content = loader.render_to_string(template_name, context, request, using=using)
              ^^^^^^^^^^^^^^^^^^^^^^^^^^^^^^^^^^^^^^^^^^^^^^^^^^^^^^^^^^^^^^^^^^^^^
  File "C:\prg\miniconda\envs\coursescheduler\Lib\site-packages\django\template\loader.py", line 62, in render_to_string
    return template.render(context, request)
           ^^^^^^^^^^^^^^^^^^^^^^^^^^^^^^^^^
  File "C:\prg\miniconda\envs\coursescheduler\Lib\site-packages\django\template\backends\django.py", line 107, in render
    return self.template.render(context)
           ^^^^^^^^^^^^^^^^^^^^^^^^^^^^^
  File "C:\prg\miniconda\envs\coursescheduler\Lib\site-packages\django\template\base.py", line 171, in render
    return self._render(context)
           ^^^^^^^^^^^^^^^^^^^^^
  File "C:\prg\miniconda\envs\coursescheduler\Lib\site-packages\django\template\base.py", line 163, in _render
    return self.nodelist.render(context)
           ^^^^^^^^^^^^^^^^^^^^^^^^^^^^^
  File "C:\prg\miniconda\envs\coursescheduler\Lib\site-packages\django\template\base.py", line 1016, in render
    return SafeString("".join([node.render_annotated(context) for node in self]))
                              ^^^^^^^^^^^^^^^^^^^^^^^^^^^^^^^^^^^^^^^^^^^^^^^^^
  File "C:\prg\miniconda\envs\coursescheduler\Lib\site-packages\django\template\base.py", line 1016, in <listcomp>
    return SafeString("".join([node.render_annotated(context) for node in self]))
                               ^^^^^^^^^^^^^^^^^^^^^^^^^^^^^^
  File "C:\prg\miniconda\envs\coursescheduler\Lib\site-packages\django\template\base.py", line 977, in render_annotated
    return self.render(context)
           ^^^^^^^^^^^^^^^^^^^^
  File "C:\prg\miniconda\envs\coursescheduler\Lib\site-packages\django\template\defaulttags.py", line 480, in render
    url = reverse(view_name, args=args, kwargs=kwargs, current_app=current_app)
          ^^^^^^^^^^^^^^^^^^^^^^^^^^^^^^^^^^^^^^^^^^^^^^^^^^^^^^^^^^^^^^^^^^^^^
  File "C:\prg\miniconda\envs\coursescheduler\Lib\site-packages\django\urls\base.py", line 98, in reverse
    resolved_url = resolver._reverse_with_prefix(view, prefix, *args, **kwargs)
                   ^^^^^^^^^^^^^^^^^^^^^^^^^^^^^^^^^^^^^^^^^^^^^^^^^^^^^^^^^^^^
  File "C:\prg\miniconda\envs\coursescheduler\Lib\site-packages\django\urls\resolvers.py", line 831, in _reverse_with_prefix
    raise NoReverseMatch(msg)
django.urls.exceptions.NoReverseMatch: Reverse for 'get_course_codes' not found. 'get_course_codes' is not a valid view function or pattern name.
Not Found: /favicon.ico
Internal Server Error: /api/gpacalc/calculate/
Traceback (most recent call last):
  File "C:\prg\miniconda\envs\coursescheduler\Lib\site-packages\django\core\handlers\exception.py", line 55, in inner
    response = get_response(request)
               ^^^^^^^^^^^^^^^^^^^^^
  File "C:\prg\miniconda\envs\coursescheduler\Lib\site-packages\django\core\handlers\base.py", line 197, in _get_response
    response = wrapped_callback(request, *callback_args, **callback_kwargs)
               ^^^^^^^^^^^^^^^^^^^^^^^^^^^^^^^^^^^^^^^^^^^^^^^^^^^^^^^^^^^^
  File "C:\prg\miniconda\envs\coursescheduler\Lib\site-packages\django\views\decorators\http.py", line 64, in inner
    return func(request, *args, **kwargs)
           ^^^^^^^^^^^^^^^^^^^^^^^^^^^^^^
  File "C:\Users\brijesh.thakrar\Downloads\coursescheduler\backend\gpacalc\views.py", line 144, in calculate_gpa
    course_obj = Course.objects.get(
                 ^^^^^^^^^^^^^^^^^^^
  File "C:\prg\miniconda\envs\coursescheduler\Lib\site-packages\django\db\models\manager.py", line 87, in manager_method
    return getattr(self.get_queryset(), name)(*args, **kwargs)
           ^^^^^^^^^^^^^^^^^^^^^^^^^^^^^^^^^^^^^^^^^^^^^^^^^^^
  File "C:\prg\miniconda\envs\coursescheduler\Lib\site-packages\django\db\models\query.py", line 636, in get
    raise self.model.MultipleObjectsReturned(
scheduler.models.Course.MultipleObjectsReturned: get() returned more than one Course -- it returned 2!
Internal Server Error: /api/gpacalc/calculate/
Traceback (most recent call last):
  File "C:\prg\miniconda\envs\coursescheduler\Lib\site-packages\django\core\handlers\exception.py", line 55, in inner
    response = get_response(request)
               ^^^^^^^^^^^^^^^^^^^^^
  File "C:\prg\miniconda\envs\coursescheduler\Lib\site-packages\django\core\handlers\base.py", line 197, in _get_response
    response = wrapped_callback(request, *callback_args, **callback_kwargs)
               ^^^^^^^^^^^^^^^^^^^^^^^^^^^^^^^^^^^^^^^^^^^^^^^^^^^^^^^^^^^^
  File "C:\prg\miniconda\envs\coursescheduler\Lib\site-packages\django\views\decorators\http.py", line 64, in inner
    return func(request, *args, **kwargs)
           ^^^^^^^^^^^^^^^^^^^^^^^^^^^^^^
  File "C:\Users\brijesh.thakrar\Downloads\coursescheduler\backend\gpacalc\views.py", line 144, in calculate_gpa
    course_obj = Course.objects.get(
                 ^^^^^^^^^^^^^^^^^^^
  File "C:\prg\miniconda\envs\coursescheduler\Lib\site-packages\django\db\models\manager.py", line 87, in manager_method
    return getattr(self.get_queryset(), name)(*args, **kwargs)
           ^^^^^^^^^^^^^^^^^^^^^^^^^^^^^^^^^^^^^^^^^^^^^^^^^^^
  File "C:\prg\miniconda\envs\coursescheduler\Lib\site-packages\django\db\models\query.py", line 636, in get
    raise self.model.MultipleObjectsReturned(
scheduler.models.Course.MultipleObjectsReturned: get() returned more than one Course -- it returned 2!
C:\Users\brijesh.thakrar\Downloads\coursescheduler\backend\scheduler\models.py changed, reloading.
Watching for file changes with StatReloader
